<?xml version="1.0" encoding="UTF-8"?>
<testng-results ignored="0" total="0" passed="0" failed="0" skipped="0">
  <reporter-output>
  </reporter-output>
  <suite started-at="2023-11-25T13:03:48 IST" name="Default suite" finished-at="2023-11-25T13:03:54 IST" duration-ms="6139">
    <groups>
      <group name="cucumber">
        <method signature="AbstractTestNGCucumberTests.runScenario(io.cucumber.testng.PickleWrapper,io.cucumber.testng.FeatureWrapper)[pri:0, instance:runnerclass.RunnerIO@79e4c792]" name="runScenario" class="io.cucumber.testng.AbstractTestNGCucumberTests"/>
      </group> <!-- cucumber -->
    </groups>
    <test started-at="2023-11-25T13:03:48 IST" name="Default test" finished-at="2023-11-25T13:03:54 IST" duration-ms="6139">
      <class name="runnerclass.RunnerIO">
        <test-method is-config="true" signature="setUpClass(org.testng.ITestContext)[pri:0, instance:runnerclass.RunnerIO@79e4c792]" started-at="2023-11-25T13:03:48 IST" name="setUpClass" finished-at="2023-11-25T13:03:54 IST" duration-ms="6049" status="PASS">
          <params>
            <param index="0">
              <value>
                <![CDATA[org.testng.TestRunner@253d9f73]]>
              </value>
            </param>
          </params>
          <reporter-output>
          </reporter-output>
        </test-method> <!-- setUpClass -->
        <test-method is-config="true" signature="tearDownClass()[pri:0, instance:runnerclass.RunnerIO@79e4c792]" started-at="2023-11-25T13:03:54 IST" name="tearDownClass" finished-at="2023-11-25T13:03:54 IST" duration-ms="3" status="PASS">
          <reporter-output>
          </reporter-output>
        </test-method> <!-- tearDownClass -->
      </class> <!-- runnerclass.RunnerIO -->
    </test> <!-- Default test -->
  </suite> <!-- Default suite -->
</testng-results>
